<?xml version="1.0" encoding="UTF-8"?>
<testsuite name="JUnit Jupiter" tests="0" skipped="0" failures="0" errors="0" time="0.004" hostname="patapl-J35WK32" timestamp="2018-04-06T14:28:12">
<properties>
<property name="awt.toolkit" value="sun.awt.windows.WToolkit"/>
<property name="file.encoding" value="windows-1252"/>
<property name="file.encoding.pkg" value="sun.io"/>
<property name="file.separator" value="\"/>
<property name="java.awt.graphicsenv" value="sun.awt.Win32GraphicsEnvironment"/>
<property name="java.awt.printerjob" value="sun.awt.windows.WPrinterJob"/>
<property name="java.class.path" value="C:\Users\sragun001c\git\QAScripts\account_3\build\classes\java\test;C:\Users\sragun001c\git\QAScripts\account_3\build\resources\test;C:\Users\sragun001c\git\QAScripts\account_3\build\classes\java\main;C:\Users\sragun001c\git\QAScripts\account_3\build\resources\main;C:\Users\sragun001c\.gradle\caches\modules-2\files-2.1\org.springframework.cloud\spring-cloud-starter-zipkin\1.3.3.RELEASE\b0148ea25157c4c1b49c541a39ae7580cb5e927c\spring-cloud-starter-zipkin-1.3.3.RELEASE.jar;C:\Users\sragun001c\.gradle\caches\modules-2\files-2.1\org.springframework.cloud\spring-cloud-starter-sleuth\1.3.3.RELEASE\f72d44dbe3194750ea48e39bd0f75ef09911182b\spring-cloud-starter-sleuth-1.3.3.RELEASE.jar;C:\Users\sragun001c\.gradle\caches\modules-2\files-2.1\org.springframework.cloud\spring-cloud-sleuth-zipkin\1.3.3.RELEASE\1eec779a18b6b509724a25ff4debd9f4ff7ff47a\spring-cloud-sleuth-zipkin-1.3.3.RELEASE.jar;C:\Users\sragun001c\.gradle\caches\modules-2\files-2.1\org.springframework.boot\spring-boot-devtools\1.5.4.RELEASE\a2529c5831fef1338f56bb894a2d85e195923ad6\spring-boot-devtools-1.5.4.RELEASE.jar;C:\Users\sragun001c\.gradle\caches\modules-2\files-2.1\org.springframework.boot\spring-boot-starter-web\1.5.4.RELEASE\5d6c554f34b20dffcbdfc7edf9b80956e2dace\spring-boot-starter-web-1.5.4.RELEASE.jar;C:\Users\sragun001c\.gradle\caches\modules-2\files-2.1\org.springframework.boot\spring-boot-starter-test\1.5.4.RELEASE\a764033c4be6e73310a6b12604a37c20d3bd0176\spring-boot-starter-test-1.5.4.RELEASE.jar;C:\Users\sragun001c\.gradle\caches\modules-2\files-2.1\org.junit.vintage\junit-vintage-engine\4.12.1\9ebffc203c5acb51450e34b38b91067f0b4e7e6c\junit-vintage-engine-4.12.1.jar;C:\Users\sragun001c\.gradle\caches\modules-2\files-2.1\org.junit.platform\junit-platform-runner\1.0.1\edb8717e46700debfea297fbd0e4526441e0eb52\junit-platform-runner-1.0.1.jar;C:\Users\sragun001c\.gradle\caches\modules-2\files-2.1\junit\junit\4.12\2973d150c0dc1fefe998f834810d68f278ea58ec\junit-4.12.jar;C:\Users\sragun001c\.gradle\caches\modules-2\files-2.1\org.junit.jupiter\junit-jupiter-engine\5.0.1\e22d2bf87f43fb03fee14dea447b2a14f41b095f\junit-jupiter-engine-5.0.1.jar;C:\Users\sragun001c\.gradle\caches\modules-2\files-2.1\org.junit.jupiter\junit-jupiter-api\5.0.1\30fbf4448c594cb45d8e91630d6bb7f465906b88\junit-jupiter-api-5.0.1.jar;C:\Users\sragun001c\.gradle\caches\modules-2\files-2.1\org.junit.platform\junit-platform-launcher\1.0.1\5562631a34e4eefefdad04cdd49a50774d6ac777\junit-platform-launcher-1.0.1.jar;C:\Users\sragun001c\.gradle\caches\modules-2\files-2.1\org.springframework.cloud\spring-cloud-starter\1.3.3.RELEASE\6abb60b4db4b1a4879fa995b9987e6033ace9202\spring-cloud-starter-1.3.3.RELEASE.jar;C:\Users\sragun001c\.gradle\caches\modules-2\files-2.1\org.springframework.boot\spring-boot-starter-aop\1.5.4.RELEASE\1650672554abd364c728de5ce1aba7c28181968c\spring-boot-starter-aop-1.5.4.RELEASE.jar;C:\Users\sragun001c\.gradle\caches\modules-2\files-2.1\org.springframework.cloud\spring-cloud-sleuth-core\1.3.3.RELEASE\5b0d13e95f84d0bef63e20cec3dd88812567515d\spring-cloud-sleuth-core-1.3.3.RELEASE.jar;C:\Users\sragun001c\.gradle\caches\modules-2\files-2.1\org.springframework\spring-webmvc\4.3.9.RELEASE\ca80b4a00abc388d8046bf372099f35564371c47\spring-webmvc-4.3.9.RELEASE.jar;C:\Users\sragun001c\.gradle\caches\modules-2\files-2.1\org.springframework\spring-web\4.3.9.RELEASE\91dae64c4280093ad5fb4736a10913c9233479c1\spring-web-4.3.9.RELEASE.jar;C:\Users\sragun001c\.gradle\caches\modules-2\files-2.1\org.springframework.cloud\spring-cloud-commons\1.3.3.RELEASE\17765f57f90b2ababb8abd848101953c101ee832\spring-cloud-commons-1.3.3.RELEASE.jar;C:\Users\sragun001c\.gradle\caches\modules-2\files-2.1\io.zipkin.reporter2\zipkin-sender-kafka11\2.5.0\d18c68955903e7f686a406f6bee5f9941e35dbb0\zipkin-sender-kafka11-2.5.0.jar;C:\Users\sragun001c\.gradle\caches\modules-2\files-2.1\io.zipkin.reporter2\zipkin-sender-amqp-client\2.5.0\56fabd5ca2a8712d8262fbc553db535fc19b5ecc\zipkin-sender-amqp-client-2.5.0.jar;C:\Users\sragun001c\.gradle\caches\modules-2\files-2.1\io.zipkin.reporter2\zipkin-reporter\2.5.0\234f573c5f09c08906d5ef33e38bcc5fc4069b23\zipkin-reporter-2.5.0.jar;C:\Users\sragun001c\.gradle\caches\modules-2\files-2.1\io.zipkin.zipkin2\zipkin\2.6.1\aba91583e9b024bd86beea4e54fa6d4c9a1eab58\zipkin-2.6.1.jar;C:\Users\sragun001c\.gradle\caches\modules-2\files-2.1\org.springframework.boot\spring-boot-starter\1.5.4.RELEASE\74d5aa641503ddd12833c82cc19b295f9f40e8fa\spring-boot-starter-1.5.4.RELEASE.jar;C:\Users\sragun001c\.gradle\caches\modules-2\files-2.1\org.springframework.boot\spring-boot-test-autoconfigure\1.5.4.RELEASE\5c751eb6cfa58c86ba4ffc4c3334faf4331d5385\spring-boot-test-autoconfigure-1.5.4.RELEASE.jar;C:\Users\sragun001c\.gradle\caches\modules-2\files-2.1\org.springframework.boot\spring-boot-autoconfigure\1.5.4.RELEASE\5591fa7358d950f374532c7d92dccf113ebfa1bb\spring-boot-autoconfigure-1.5.4.RELEASE.jar;C:\Users\sragun001c\.gradle\caches\modules-2\files-2.1\org.springframework.boot\spring-boot-test\1.5.4.RELEASE\a7a68089a6cf35db5587029e5c163466dadf7c5b\spring-boot-test-1.5.4.RELEASE.jar;C:\Users\sragun001c\.gradle\caches\modules-2\files-2.1\org.springframework.boot\spring-boot\1.5.4.RELEASE\cf51bb0751c1362a417eb59824d27d2907780d2\spring-boot-1.5.4.RELEASE.jar;C:\Users\sragun001c\.gradle\caches\modules-2\files-2.1\org.springframework.boot\spring-boot-starter-tomcat\1.5.4.RELEASE\d7e26f1d0e594bd1aab7da227649fc12c1958416\spring-boot-starter-tomcat-1.5.4.RELEASE.jar;C:\Users\sragun001c\.gradle\caches\modules-2\files-2.1\org.hibernate\hibernate-validator\5.3.5.Final\622a9bcef2eed6d41b5b8e0662c36212009e375\hibernate-validator-5.3.5.Final.jar;C:\Users\sragun001c\.gradle\caches\modules-2\files-2.1\com.fasterxml.jackson.core\jackson-databind\2.8.8\bf88c7b27e95cbadce4e7c316a56c3efffda8026\jackson-databind-2.8.8.jar;C:\Users\sragun001c\.gradle\caches\modules-2\files-2.1\org.mockito\mockito-core\1.10.19\e8546f5bef4e061d8dd73895b4e8f40e3fe6effe\mockito-core-1.10.19.jar;C:\Users\sragun001c\.gradle\caches\modules-2\files-2.1\org.hamcrest\hamcrest-library\1.3\4785a3c21320980282f9f33d0d1264a69040538f\hamcrest-library-1.3.jar;C:\Users\sragun001c\.gradle\caches\modules-2\files-2.1\org.hamcrest\hamcrest-core\1.3\42a25dc3219429f0e5d060061f71acb49bf010a0\hamcrest-core-1.3.jar;C:\Users\sragun001c\.gradle\caches\modules-2\files-2.1\com.jayway.jsonpath\json-path\2.2.0\22290d17944bd239fabf5ac69005a60a7ecbbbcb\json-path-2.2.0.jar;C:\Users\sragun001c\.gradle\caches\modules-2\files-2.1\org.assertj\assertj-core\2.6.0\b532c3fc4f66bcfee4989a3514f1cd56203a33ad\assertj-core-2.6.0.jar;C:\Users\sragun001c\.gradle\caches\modules-2\files-2.1\org.skyscreamer\jsonassert\1.4.0\9cdbb373a06f6513e51e8c545ee6a5e981463edb\jsonassert-1.4.0.jar;C:\Users\sragun001c\.gradle\caches\modules-2\files-2.1\org.springframework\spring-test\4.3.9.RELEASE\35bf4c38c9245f5baeeda4bea7c41f4f33c5daf3\spring-test-4.3.9.RELEASE.jar;C:\Users\sragun001c\.gradle\caches\modules-2\files-2.1\org.springframework\spring-context\4.3.9.RELEASE\a186823724f03b98becd5f93b1fa107fe6f7a7ff\spring-context-4.3.9.RELEASE.jar;C:\Users\sragun001c\.gradle\caches\modules-2\files-2.1\org.springframework\spring-aop\4.3.9.RELEASE\95f5f5cf3cae64266a89dc1bc9e0484425cd8358\spring-aop-4.3.9.RELEASE.jar;C:\Users\sragun001c\.gradle\caches\modules-2\files-2.1\org.springframework\spring-beans\4.3.9.RELEASE\daa5abf3779c8cad1a2910e1ea08e4272489d8ae\spring-beans-4.3.9.RELEASE.jar;C:\Users\sragun001c\.gradle\caches\modules-2\files-2.1\org.springframework\spring-expression\4.3.9.RELEASE\4edca6913da9e62a6586714e053e01a61952a153\spring-expression-4.3.9.RELEASE.jar;C:\Users\sragun001c\.gradle\caches\modules-2\files-2.1\org.springframework\spring-core\4.3.9.RELEASE\430b7298bfb85d66fb61e19ca8f06231b911e9f5\spring-core-4.3.9.RELEASE.jar;C:\Users\sragun001c\.gradle\caches\modules-2\files-2.1\org.junit.platform\junit-platform-engine\1.0.1\4ce0a37866312c18ea3f45818f2faec077e46e0\junit-platform-engine-1.0.1.jar;C:\Users\sragun001c\.gradle\caches\modules-2\files-2.1\org.opentest4j\opentest4j\1.0.0\6f09c598e9ff64bf0ce2fa7e7de49a99ba83c0b4\opentest4j-1.0.0.jar;C:\Users\sragun001c\.gradle\caches\modules-2\files-2.1\org.junit.platform\junit-platform-suite-api\1.0.1\dba5b945d6e3bc26fdbb100db1b94dcf435c1c6f\junit-platform-suite-api-1.0.1.jar;C:\Users\sragun001c\.gradle\caches\modules-2\files-2.1\org.junit.platform\junit-platform-commons\1.0.1\3632e4a74a43d3ae8d29e6fa172cbc29590bda03\junit-platform-commons-1.0.1.jar;C:\Users\sragun001c\.gradle\caches\modules-2\files-2.1\org.springframework.cloud\spring-cloud-context\1.3.3.RELEASE\19d9f378ee8b9bacddfd4e41ffe75072e7e42b65\spring-cloud-context-1.3.3.RELEASE.jar;C:\Users\sragun001c\.gradle\caches\modules-2\files-2.1\org.springframework.security\spring-security-rsa\1.0.3.RELEASE\b0b1ee770597b5de1b51e9a889dfd2dc35d251b0\spring-security-rsa-1.0.3.RELEASE.jar;C:\Users\sragun001c\.gradle\caches\modules-2\files-2.1\org.aspectj\aspectjweaver\1.8.10\e198c5fee28988c355f74e06461614eae36b2032\aspectjweaver-1.8.10.jar;C:\Users\sragun001c\.gradle\caches\modules-2\files-2.1\org.aspectj\aspectjrt\1.8.10\1a14fe9e912f6e8bdbb5429b78b4090d8b47bc1\aspectjrt-1.8.10.jar;C:\Users\sragun001c\.gradle\caches\modules-2\files-2.1\org.springframework.security\spring-security-crypto\4.2.3.RELEASE\a5c850acc91bff1970fe751d7407df81c4bce3cc\spring-security-crypto-4.2.3.RELEASE.jar;C:\Users\sragun001c\.gradle\caches\modules-2\files-2.1\org.apache.httpcomponents\httpclient\4.5.3\d1577ae15f01ef5438c5afc62162457c00a34713\httpclient-4.5.3.jar;C:\Users\sragun001c\.gradle\caches\modules-2\files-2.1\org.springframework.boot\spring-boot-starter-logging\1.5.4.RELEASE\6b4364cfee82890ce9a9c2c59066f3a6e525debd\spring-boot-starter-logging-1.5.4.RELEASE.jar;C:\Users\sragun001c\.gradle\caches\modules-2\files-2.1\org.yaml\snakeyaml\1.17\7a27ea250c5130b2922b86dea63cbb1cc10a660c\snakeyaml-1.17.jar;C:\Users\sragun001c\.gradle\caches\modules-2\files-2.1\org.apache.tomcat.embed\tomcat-embed-websocket\8.5.15\a92b066b0ea9ee1cb05b7d5e4bfed4ad8898f741\tomcat-embed-websocket-8.5.15.jar;C:\Users\sragun001c\.gradle\caches\modules-2\files-2.1\org.apache.tomcat.embed\tomcat-embed-core\8.5.15\f197a93ae66212767b004fd93d7a1a8ea62bc3fa\tomcat-embed-core-8.5.15.jar;C:\Users\sragun001c\.gradle\caches\modules-2\files-2.1\org.apache.tomcat.embed\tomcat-embed-el\8.5.15\e4000e5386056eeebb43bf71e7d30c58d2473166\tomcat-embed-el-8.5.15.jar;C:\Users\sragun001c\.gradle\caches\modules-2\files-2.1\javax.validation\validation-api\1.1.0.Final\8613ae82954779d518631e05daa73a6a954817d5\validation-api-1.1.0.Final.jar;C:\Users\sragun001c\.gradle\caches\modules-2\files-2.1\org.jboss.logging\jboss-logging\3.3.1.Final\c46217ab74b532568c0ed31dc599db3048bd1b67\jboss-logging-3.3.1.Final.jar;C:\Users\sragun001c\.gradle\caches\modules-2\files-2.1\com.fasterxml\classmate\1.3.3\864c8e370a691e343210cc7c532fc198cee460d8\classmate-1.3.3.jar;C:\Users\sragun001c\.gradle\caches\modules-2\files-2.1\com.fasterxml.jackson.core\jackson-annotations\2.8.0\45b426f7796b741035581a176744d91090e2e6fb\jackson-annotations-2.8.0.jar;C:\Users\sragun001c\.gradle\caches\modules-2\files-2.1\com.fasterxml.jackson.core\jackson-core\2.8.8\d478fb6de45a7c3d2cad07c8ad70c7f0a797a020\jackson-core-2.8.8.jar;C:\Users\sragun001c\.gradle\caches\modules-2\files-2.1\net.minidev\json-smart\2.2.1\5b9e5df7a62d1279b70dc882b041d249c4f0b002\json-smart-2.2.1.jar;C:\Users\sragun001c\.gradle\caches\modules-2\files-2.1\ch.qos.logback\logback-classic\1.1.11\ccedfbacef4a6515d2983e3f89ed753d5d4fb665\logback-classic-1.1.11.jar;C:\Users\sragun001c\.gradle\caches\modules-2\files-2.1\org.slf4j\jcl-over-slf4j\1.7.25\f8c32b13ff142a513eeb5b6330b1588dcb2c0461\jcl-over-slf4j-1.7.25.jar;C:\Users\sragun001c\.gradle\caches\modules-2\files-2.1\org.slf4j\jul-to-slf4j\1.7.25\af5364cd6679bfffb114f0dec8a157aaa283b76\jul-to-slf4j-1.7.25.jar;C:\Users\sragun001c\.gradle\caches\modules-2\files-2.1\org.slf4j\log4j-over-slf4j\1.7.25\a87bb47468f47ee7aabbd54f93e133d4215769c3\log4j-over-slf4j-1.7.25.jar;C:\Users\sragun001c\.gradle\caches\modules-2\files-2.1\org.slf4j\slf4j-api\1.7.25\da76ca59f6a57ee3102f8f9bd9cee742973efa8a\slf4j-api-1.7.25.jar;C:\Users\sragun001c\.gradle\caches\modules-2\files-2.1\org.objenesis\objenesis\2.1\87c0ea803b69252868d09308b4618f766f135a96\objenesis-2.1.jar;C:\Users\sragun001c\.gradle\caches\modules-2\files-2.1\com.vaadin.external.google\android-json\0.0.20131108.vaadin1\fa26d351fe62a6a17f5cda1287c1c6110dec413f\android-json-0.0.20131108.vaadin1.jar;C:\Users\sragun001c\.gradle\caches\modules-2\files-2.1\org.bouncycastle\bcpkix-jdk15on\1.55\6392d8cba22b722c6570d660ca0b3921ff1bae4f\bcpkix-jdk15on-1.55.jar;C:\Users\sragun001c\.gradle\caches\modules-2\files-2.1\org.apache.httpcomponents\httpcore\4.4.6\e3fd8ced1f52c7574af952e2e6da0df8df08eb82\httpcore-4.4.6.jar;C:\Users\sragun001c\.gradle\caches\modules-2\files-2.1\commons-codec\commons-codec\1.10\4b95f4897fa13f2cd904aee711aeafc0c5295cd8\commons-codec-1.10.jar;C:\Users\sragun001c\.gradle\caches\modules-2\files-2.1\net.minidev\accessors-smart\1.1\a527213f2fea112a04c9bdf0ec0264e34104cd08\accessors-smart-1.1.jar;C:\Users\sragun001c\.gradle\caches\modules-2\files-2.1\org.bouncycastle\bcprov-jdk15on\1.55\935f2e57a00ec2c489cbd2ad830d4a399708f979\bcprov-jdk15on-1.55.jar;C:\Users\sragun001c\.gradle\caches\modules-2\files-2.1\ch.qos.logback\logback-core\1.1.11\88b8df40340eed549fb07e2613879bf6b006704d\logback-core-1.1.11.jar;C:\Users\sragun001c\.gradle\caches\modules-2\files-2.1\org.ow2.asm\asm\5.0.3\dcc2193db20e19e1feca8b1240dbbc4e190824fa\asm-5.0.3.jar;C:\Users\sragun001c\.gradle\caches\modules-2\files-2.1\org.junit.platform\junit-platform-console\1.0.1\3892e08f30d92a88addc73f3a5f9575be864cec\junit-platform-console-1.0.1.jar"/>
<property name="java.class.version" value="52.0"/>
<property name="java.endorsed.dirs" value="C:\Program Files\Java\jdk1.8.0_60\jre\lib\endorsed"/>
<property name="java.ext.dirs" value="C:\Program Files\Java\jdk1.8.0_60\jre\lib\ext;C:\Windows\Sun\Java\lib\ext"/>
<property name="java.home" value="C:\Program Files\Java\jdk1.8.0_60\jre"/>
<property name="java.io.tmpdir" value="C:\Users\SRAGUN~1\AppData\Local\Temp\"/>
<property name="java.library.path" value="C:\Program Files\Java\jdk1.8.0_60\bin;C:\Windows\Sun\Java\bin;C:\Windows\system32;C:\Windows;C:\Program Files (x86)\Intel\iCLS Client\;C:\Program Files\Intel\iCLS Client\;C:\Program Files (x86)\RSA SecurID Token Common;C:\Windows\system32;C:\Windows;C:\Windows\System32\Wbem;C:\Windows\System32\WindowsPowerShell\v1.0\;C:\Windows\System32\WindowsPowerShell\v1.0\;C:\Program Files (x86)\SlikSvn\bin;C:\Program Files (x86)\CloudFoundry;C:\Program Files\Java\jdk1.8.0_60\bin;C:\Program Files (x86)\Git\bin;C:\Program Files (x86)\Putty;C:\Program Files\gradle-2.2.1\bin;C:\Program Files (x86)\apache-maven-3.3.9\bin;C:\cygwin64\bin;C:\Python27;C:\Program Files\nodejs\;C:\Program Files (x86)\Skype\Phone\;C:\Program Files (x86)\HP\Virtual User Generator\strawberry-perl\perl\bin;C:\Program Files\Intel\WiFi\bin\;C:\Program Files\Common Files\Intel\WirelessCommon\;C:\Program Files\Intel\Intel(R) Management Engine Components\DAL;C:\Program Files\Intel\Intel(R) Management Engine Components\IPT;C:\Program Files (x86)\Intel\Intel(R) Management Engine Components\DAL;C:\Program Files (x86)\Intel\Intel(R) Management Engine Components\IPT;C:\Program Files (x86)\Intel\Services\IPT\;C:\Program Files (x86)\Symantec\VIP Access Client\;C:\Program Files\Cloud Foundry;C:\Windows\System32\WindowsPowerShell\v1.0\;C:\Program Files\;C:\Gradle\gradle-4.4.1\bin\;C:\Program Files\TortoiseGit\bin;C:\Program Files\Git\cmd;C:\Program Files\apache-jmeter-4.0\bin;C:\Users\sragun001c\AppData\Roaming\npm;."/>
<property name="java.runtime.name" value="Java(TM) SE Runtime Environment"/>
<property name="java.runtime.version" value="1.8.0_60-b27"/>
<property name="java.specification.name" value="Java Platform API Specification"/>
<property name="java.specification.vendor" value="Oracle Corporation"/>
<property name="java.specification.version" value="1.8"/>
<property name="java.vendor" value="Oracle Corporation"/>
<property name="java.vendor.url" value="http://java.oracle.com/"/>
<property name="java.vendor.url.bug" value="http://bugreport.sun.com/bugreport/"/>
<property name="java.version" value="1.8.0_60"/>
<property name="java.vm.info" value="mixed mode"/>
<property name="java.vm.name" value="Java HotSpot(TM) 64-Bit Server VM"/>
<property name="java.vm.specification.name" value="Java Virtual Machine Specification"/>
<property name="java.vm.specification.vendor" value="Oracle Corporation"/>
<property name="java.vm.specification.version" value="1.8"/>
<property name="java.vm.vendor" value="Oracle Corporation"/>
<property name="java.vm.version" value="25.60-b23"/>
<property name="line.separator" value="
"/>
<property name="os.arch" value="amd64"/>
<property name="os.name" value="Windows 7"/>
<property name="os.version" value="6.1"/>
<property name="path.separator" value=";"/>
<property name="sun.arch.data.model" value="64"/>
<property name="sun.boot.class.path" value="C:\Program Files\Java\jdk1.8.0_60\jre\lib\resources.jar;C:\Program Files\Java\jdk1.8.0_60\jre\lib\rt.jar;C:\Program Files\Java\jdk1.8.0_60\jre\lib\sunrsasign.jar;C:\Program Files\Java\jdk1.8.0_60\jre\lib\jsse.jar;C:\Program Files\Java\jdk1.8.0_60\jre\lib\jce.jar;C:\Program Files\Java\jdk1.8.0_60\jre\lib\charsets.jar;C:\Program Files\Java\jdk1.8.0_60\jre\lib\jfr.jar;C:\Program Files\Java\jdk1.8.0_60\jre\classes"/>
<property name="sun.boot.library.path" value="C:\Program Files\Java\jdk1.8.0_60\jre\bin"/>
<property name="sun.cpu.endian" value="little"/>
<property name="sun.cpu.isalist" value="amd64"/>
<property name="sun.desktop" value="windows"/>
<property name="sun.io.unicode.encoding" value="UnicodeLittle"/>
<property name="sun.java.command" value="org.junit.platform.console.ConsoleLauncher --details NONE --scan-class-path C:\Users\sragun001c\git\QAScripts\account_3\build\classes\java\main;C:\Users\sragun001c\git\QAScripts\account_3\build\resources\main;C:\Users\sragun001c\git\QAScripts\account_3\build\classes\java\test;C:\Users\sragun001c\git\QAScripts\account_3\build\resources\test -n ^.*Tests?$ --reports-dir C:\Users\sragun001c\git\QAScripts\account_3\build\test-results\junit-platform"/>
<property name="sun.java.launcher" value="SUN_STANDARD"/>
<property name="sun.jnu.encoding" value="Cp1252"/>
<property name="sun.management.compiler" value="HotSpot 64-Bit Tiered Compilers"/>
<property name="sun.os.patch.level" value="Service Pack 1"/>
<property name="user.country" value="US"/>
<property name="user.dir" value="C:\Users\sragun001c\git\QAScripts\account_3"/>
<property name="user.home" value="C:\Users\sragun001c"/>
<property name="user.language" value="en"/>
<property name="user.name" value="sragun001c"/>
<property name="user.script" value=""/>
<property name="user.timezone" value="America/New_York"/>
<property name="user.variant" value=""/>
</properties>
<system-out><![CDATA[
unique-id: [engine:junit-jupiter]
display-name: JUnit Jupiter
]]></system-out>
</testsuite>
